\BOOKMARK [0][-]{chapter.1}{Introdu\347\343o}{}% 1
\BOOKMARK [1][-]{section.1.1}{Como Funciona a Educa\347\343o \340 Dist\342ncia \(UAB\)}{chapter.1}% 2
\BOOKMARK [1][-]{section.1.2}{Diferen\347as ao Ensino Presencial}{chapter.1}% 3
\BOOKMARK [1][-]{section.1.3}{Ambientes Virtuais de Aprendizado: Moodle}{chapter.1}% 4
\BOOKMARK [0][-]{chapter.2}{Papel Tutor e Professor}{}% 5
\BOOKMARK [0][-]{chapter.3}{Configura√ß√£o de Curso}{}% 6
\BOOKMARK [1][-]{section.3.1}{Geral}{chapter.3}% 7
\BOOKMARK [1][-]{section.3.2}{Inscri√ß√£o}{chapter.3}% 8
\BOOKMARK [1][-]{section.3.3}{Grupos}{chapter.3}% 9
\BOOKMARK [1][-]{section.3.4}{Layout de Curso}{chapter.3}% 10
\BOOKMARK [1][-]{section.3.5}{Layout de P√°gina}{chapter.3}% 11
\BOOKMARK [1][-]{section.3.6}{Layout de Sala}{chapter.3}% 12
\BOOKMARK [1][-]{section.3.7}{Quadro de Notas}{chapter.3}% 13
\BOOKMARK [0][-]{chapter.4}{Recursos: como criar e configurar}{}% 14
\BOOKMARK [1][-]{section.4.1}{Arquivo}{chapter.4}% 15
\BOOKMARK [1][-]{section.4.2}{Conte˙do de Pacote IMS}{chapter.4}% 16
\BOOKMARK [1][-]{section.4.3}{Livro}{chapter.4}% 17
\BOOKMARK [1][-]{section.4.4}{P√°gina}{chapter.4}% 18
\BOOKMARK [1][-]{section.4.5}{Pasta}{chapter.4}% 19
\BOOKMARK [1][-]{section.4.6}{R√≥tulo}{chapter.4}% 20
\BOOKMARK [1][-]{section.4.7}{URL}{chapter.4}% 21
\BOOKMARK [0][-]{chapter.5}{Ferramentas de Comunica√ß√£o}{}% 22
\BOOKMARK [1][-]{section.5.1}{F√≥rum}{chapter.5}% 23
\BOOKMARK [1][-]{section.5.2}{Chat}{chapter.5}% 24
\BOOKMARK [1][-]{section.5.3}{Envio de Mensagem}{chapter.5}% 25
\BOOKMARK [0][-]{chapter.6}{Ferramentas de Opini√£o}{}% 26
\BOOKMARK [1][-]{section.6.1}{Escolha}{chapter.6}% 27
\BOOKMARK [1][-]{section.6.2}{Pesquisa de Avalia√ß√£o}{chapter.6}% 28
\BOOKMARK [0][-]{chapter.7}{Ferramentas Colaborativas}{}% 29
\BOOKMARK [1][-]{section.7.1}{Gloss√°rio}{chapter.7}% 30
\BOOKMARK [1][-]{section.7.2}{Wiki}{chapter.7}% 31
\BOOKMARK [1][-]{section.7.3}{Base de Dados}{chapter.7}% 32
\BOOKMARK [0][-]{chapter.8}{Ferramentas de Avalia√ß√£o}{}% 33
\BOOKMARK [1][-]{section.8.1}{Tarefa}{chapter.8}% 34
\BOOKMARK [1][-]{section.8.2}{Question√°rio}{chapter.8}% 35
\BOOKMARK [1][-]{section.8.3}{Li√ß√£o}{chapter.8}% 36
\BOOKMARK [1][-]{section.8.4}{Laborat√≥rio de Avalia√ß√£o}{chapter.8}% 37
\BOOKMARK [0][-]{chapter.9}{Ferramentas Externas?}{}% 38
\BOOKMARK [1][-]{section.9.1}{Ferramentas Externas}{chapter.9}% 39
\BOOKMARK [1][-]{section.9.2}{Atividade Hot Potatoes}{chapter.9}% 40
\BOOKMARK [1][-]{section.9.3}{SCORM/AICC}{chapter.9}% 41
\BOOKMARK [0][-]{appendix.A}{Acesso ao Moodle da UFPB Virtual}{}% 42
\BOOKMARK [1][-]{section.A.1}{Informa√ß√µes importantes}{appendix.A}% 43
\BOOKMARK [1][-]{section.A.2}{Fazendo login}{appendix.A}% 44
\BOOKMARK [1][-]{section.A.3}{Trocando a senha}{appendix.A}% 45
\BOOKMARK [1][-]{section.A.4}{Recuperando a senha}{appendix.A}% 46
\BOOKMARK [1][-]{section.A.5}{Guia de navega√ß√£o no Moodle}{appendix.A}% 47
\BOOKMARK [2][-]{subsection.A.5.1}{Configurando seu perfil}{section.A.5}% 48
\BOOKMARK [2][-]{subsection.A.5.2}{Manipulando mensagens}{section.A.5}% 49
\BOOKMARK [1][-]{section.A.6}{Recebendo mensagens}{appendix.A}% 50
\BOOKMARK [1][-]{section.A.7}{Enviando Mensagens}{appendix.A}% 51
\BOOKMARK [0][-]{appendix.B}{O editor HTML}{}% 52
\BOOKMARK [1][-]{section.B.1}{Introdu√ß√£o}{appendix.B}% 53
\BOOKMARK [1][-]{section.B.2}{A barra de ferramentas}{appendix.B}% 54
\BOOKMARK [1][-]{section.B.3}{Altera√ß√µes no texto}{appendix.B}% 55
\BOOKMARK [1][-]{section.B.4}{Links e √¢ncoras}{appendix.B}% 56
\BOOKMARK [2][-]{subsection.B.4.1}{Inserir links}{section.B.4}% 57
\BOOKMARK [2][-]{subsection.B.4.2}{Remover link}{section.B.4}% 58
\BOOKMARK [2][-]{subsection.B.4.3}{√Çncoras}{section.B.4}% 59
\BOOKMARK [1][-]{section.B.5}{Figuras, emoticons e caracteres especiais}{appendix.B}% 60
\BOOKMARK [2][-]{subsection.B.5.1}{Figuras}{section.B.5}% 61
\BOOKMARK [2][-]{subsection.B.5.2}{Emoticons}{section.B.5}% 62
\BOOKMARK [2][-]{subsection.B.5.3}{Caracteres especiais}{section.B.5}% 63
\BOOKMARK [1][-]{section.B.6}{Tabelas}{appendix.B}% 64
\BOOKMARK [1][-]{section.B.7}{Outras ferramentas}{appendix.B}% 65
