This is pdfTeX, Version 3.1415926-2.4-1.40.13 (MiKTeX 2.9) (preloaded format=pdflatex 2013.10.21)  26 NOV 2013 10:08
entering extended mode
**cometomoodle.tex
(C:\Users\Marcelle\Documents\GitHub\manual-ead\cometomoodle.tex
LaTeX2e <2011/06/27>
Babel <v3.8m> and hyphenation patterns for english, afrikaans, ancientgreek, ar
abic, armenian, assamese, basque, bengali, bokmal, bulgarian, catalan, coptic, 
croatian, czech, danish, dutch, esperanto, estonian, farsi, finnish, french, ga
lician, german, german-x-2012-05-30, greek, gujarati, hindi, hungarian, iceland
ic, indonesian, interlingua, irish, italian, kannada, kurmanji, latin, latvian,
 lithuanian, malayalam, marathi, mongolian, mongolianlmc, monogreek, ngerman, n
german-x-2012-05-30, nynorsk, oriya, panjabi, pinyin, polish, portuguese, roman
ian, russian, sanskrit, serbian, slovak, slovenian, spanish, swedish, swissgerm
an, tamil, telugu, turkish, turkmen, ukenglish, ukrainian, uppersorbian, usengl
ishmax, welsh, loaded.
("C:\Program Files (x86)\MiKTeX 2.9\tex\latex\base\book.cls"
Document Class: book 2007/10/19 v1.4h Standard LaTeX document class
("C:\Program Files (x86)\MiKTeX 2.9\tex\latex\base\bk10.clo"
File: bk10.clo 2007/10/19 v1.4h Standard LaTeX file (size option)
)
\c@part=\count79
\c@chapter=\count80
\c@section=\count81
\c@subsection=\count82
\c@subsubsection=\count83
\c@paragraph=\count84
\c@subparagraph=\count85
\c@figure=\count86
\c@table=\count87
\abovecaptionskip=\skip41
\belowcaptionskip=\skip42
\bibindent=\dimen102
)
("C:\Program Files (x86)\MiKTeX 2.9\tex\generic\babel\babel.sty"
Package: babel 2008/07/08 v3.8m The Babel package

*************************************
* Local config file bblopts.cfg used
*
("C:\Program Files (x86)\MiKTeX 2.9\tex\latex\00miktex\bblopts.cfg"
File: bblopts.cfg 2006/07/31 v1.0 MiKTeX 'babel' configuration
)
("C:\Program Files (x86)\MiKTeX 2.9\tex\generic\babel\portuges.ldf"
Language: portuges 2008/03/18 v1.2q Portuguese support from the babel system

("C:\Program Files (x86)\MiKTeX 2.9\tex\generic\babel\babel.def"
File: babel.def 2008/07/08 v3.8m Babel common definitions
\babel@savecnt=\count88
\U@D=\dimen103
)
\l@brazil = a dialect from \language\l@portuges 
Package babel Info: Making " an active character on input line 145.
))
("C:\Program Files (x86)\MiKTeX 2.9\tex\latex\base\fontenc.sty"
Package: fontenc 2005/09/27 v1.99g Standard LaTeX package

("C:\Program Files (x86)\MiKTeX 2.9\tex\latex\base\t1enc.def"
File: t1enc.def 2005/09/27 v1.99g Standard LaTeX file
LaTeX Font Info:    Redeclaring font encoding T1 on input line 43.
))
("C:\Program Files (x86)\MiKTeX 2.9\tex\latex\lm\lmodern.sty"
Package: lmodern 2009/10/30 v1.6 Latin Modern Fonts
LaTeX Font Info:    Overwriting symbol font `operators' in version `normal'
(Font)                  OT1/cmr/m/n --> OT1/lmr/m/n on input line 22.
LaTeX Font Info:    Overwriting symbol font `letters' in version `normal'
(Font)                  OML/cmm/m/it --> OML/lmm/m/it on input line 23.
LaTeX Font Info:    Overwriting symbol font `symbols' in version `normal'
(Font)                  OMS/cmsy/m/n --> OMS/lmsy/m/n on input line 24.
LaTeX Font Info:    Overwriting symbol font `largesymbols' in version `normal'
(Font)                  OMX/cmex/m/n --> OMX/lmex/m/n on input line 25.
LaTeX Font Info:    Overwriting symbol font `operators' in version `bold'
(Font)                  OT1/cmr/bx/n --> OT1/lmr/bx/n on input line 26.
LaTeX Font Info:    Overwriting symbol font `letters' in version `bold'
(Font)                  OML/cmm/b/it --> OML/lmm/b/it on input line 27.
LaTeX Font Info:    Overwriting symbol font `symbols' in version `bold'
(Font)                  OMS/cmsy/b/n --> OMS/lmsy/b/n on input line 28.
LaTeX Font Info:    Overwriting symbol font `largesymbols' in version `bold'
(Font)                  OMX/cmex/m/n --> OMX/lmex/m/n on input line 29.
LaTeX Font Info:    Overwriting math alphabet `\mathbf' in version `normal'
(Font)                  OT1/cmr/bx/n --> OT1/lmr/bx/n on input line 31.
LaTeX Font Info:    Overwriting math alphabet `\mathsf' in version `normal'
(Font)                  OT1/cmss/m/n --> OT1/lmss/m/n on input line 32.
LaTeX Font Info:    Overwriting math alphabet `\mathit' in version `normal'
(Font)                  OT1/cmr/m/it --> OT1/lmr/m/it on input line 33.
LaTeX Font Info:    Overwriting math alphabet `\mathtt' in version `normal'
(Font)                  OT1/cmtt/m/n --> OT1/lmtt/m/n on input line 34.
LaTeX Font Info:    Overwriting math alphabet `\mathbf' in version `bold'
(Font)                  OT1/cmr/bx/n --> OT1/lmr/bx/n on input line 35.
LaTeX Font Info:    Overwriting math alphabet `\mathsf' in version `bold'
(Font)                  OT1/cmss/bx/n --> OT1/lmss/bx/n on input line 36.
LaTeX Font Info:    Overwriting math alphabet `\mathit' in version `bold'
(Font)                  OT1/cmr/bx/it --> OT1/lmr/bx/it on input line 37.
LaTeX Font Info:    Overwriting math alphabet `\mathtt' in version `bold'
(Font)                  OT1/cmtt/m/n --> OT1/lmtt/m/n on input line 38.
)
("C:\Program Files (x86)\MiKTeX 2.9\tex\latex\psnfss\times.sty"
Package: times 2005/04/12 PSNFSS-v9.2a (SPQR) 
)
("C:\Program Files (x86)\MiKTeX 2.9\tex\latex\base\t1enc.sty"
Package: t1enc 1994/06/01 Standard LaTeX package
)
(C:\Users\Marcelle\AppData\Roaming\MiKTeX\2.9\tex\latex\ucs\ucs.sty
Package: ucs 2013/05/11 v2.2 UCS: Unicode input support

(C:\Users\Marcelle\AppData\Roaming\MiKTeX\2.9\tex\latex\ucs\uni-global.def
File: uni-global.def 2013/05/13 UCS: Unicode global data
)
\uc@secondtry=\count89
\uc@combtoks=\toks14
\uc@combtoksb=\toks15
\uc@temptokena=\toks16
)
("C:\Program Files (x86)\MiKTeX 2.9\tex\latex\tools\indentfirst.sty"
Package: indentfirst 1995/11/23 v1.03 Indent first paragraph (DPC)
)
("C:\Program Files (x86)\MiKTeX 2.9\tex\latex\amsfonts\amssymb.sty"
Package: amssymb 2013/01/14 v3.01 AMS font symbols

("C:\Program Files (x86)\MiKTeX 2.9\tex\latex\amsfonts\amsfonts.sty"
Package: amsfonts 2013/01/14 v3.01 Basic AMSFonts support
\@emptytoks=\toks17
\symAMSa=\mathgroup4
\symAMSb=\mathgroup5
LaTeX Font Info:    Overwriting math alphabet `\mathfrak' in version `bold'
(Font)                  U/euf/m/n --> U/euf/b/n on input line 106.
))
("C:\Program Files (x86)\MiKTeX 2.9\tex\latex\amsmath\amsmath.sty"
Package: amsmath 2013/01/14 v2.14 AMS math features
\@mathmargin=\skip43

For additional information on amsmath, use the `?' option.
("C:\Program Files (x86)\MiKTeX 2.9\tex\latex\amsmath\amstext.sty"
Package: amstext 2000/06/29 v2.01

("C:\Program Files (x86)\MiKTeX 2.9\tex\latex\amsmath\amsgen.sty"
File: amsgen.sty 1999/11/30 v2.0
\@emptytoks=\toks18
\ex@=\dimen104
))
("C:\Program Files (x86)\MiKTeX 2.9\tex\latex\amsmath\amsbsy.sty"
Package: amsbsy 1999/11/29 v1.2d
\pmbraise@=\dimen105
)
("C:\Program Files (x86)\MiKTeX 2.9\tex\latex\amsmath\amsopn.sty"
Package: amsopn 1999/12/14 v2.01 operator names
)
\inf@bad=\count90
LaTeX Info: Redefining \frac on input line 210.
\uproot@=\count91
\leftroot@=\count92
LaTeX Info: Redefining \overline on input line 306.
\classnum@=\count93
\DOTSCASE@=\count94
LaTeX Info: Redefining \ldots on input line 378.
LaTeX Info: Redefining \dots on input line 381.
LaTeX Info: Redefining \cdots on input line 466.
\Mathstrutbox@=\box26
\strutbox@=\box27
\big@size=\dimen106
LaTeX Font Info:    Redeclaring font encoding OML on input line 566.
LaTeX Font Info:    Redeclaring font encoding OMS on input line 567.
\macc@depth=\count95
\c@MaxMatrixCols=\count96
\dotsspace@=\muskip10
\c@parentequation=\count97
\dspbrk@lvl=\count98
\tag@help=\toks19
\row@=\count99
\column@=\count100
\maxfields@=\count101
\andhelp@=\toks20
\eqnshift@=\dimen107
\alignsep@=\dimen108
\tagshift@=\dimen109
\tagwidth@=\dimen110
\totwidth@=\dimen111
\lineht@=\dimen112
\@envbody=\toks21
\multlinegap=\skip44
\multlinetaggap=\skip45
\mathdisplay@stack=\toks22
LaTeX Info: Redefining \[ on input line 2665.
LaTeX Info: Redefining \] on input line 2666.
)
("C:\Program Files (x86)\MiKTeX 2.9\tex\latex\graphics\graphicx.sty"
Package: graphicx 1999/02/16 v1.0f Enhanced LaTeX Graphics (DPC,SPQR)

("C:\Program Files (x86)\MiKTeX 2.9\tex\latex\graphics\keyval.sty"
Package: keyval 1999/03/16 v1.13 key=value parser (DPC)
\KV@toks@=\toks23
)
("C:\Program Files (x86)\MiKTeX 2.9\tex\latex\graphics\graphics.sty"
Package: graphics 2009/02/05 v1.0o Standard LaTeX Graphics (DPC,SPQR)

("C:\Program Files (x86)\MiKTeX 2.9\tex\latex\graphics\trig.sty"
Package: trig 1999/03/16 v1.09 sin cos tan (DPC)
)
("C:\Program Files (x86)\MiKTeX 2.9\tex\latex\00miktex\graphics.cfg"
File: graphics.cfg 2007/01/18 v1.5 graphics configuration of teTeX/TeXLive
)
Package graphics Info: Driver file: dvipdfm.def on input line 91.

("C:\Program Files (x86)\MiKTeX 2.9\tex\latex\00miktex\dvipdfm.def"
File: dvipdfm.def 1999/9/6 vx.x Driver-dependant file
))
\Gin@req@height=\dimen113
\Gin@req@width=\dimen114
)
("C:\Program Files (x86)\MiKTeX 2.9\tex\latex\graphics\color.sty"
Package: color 2005/11/14 v1.0j Standard LaTeX Color (DPC)

("C:\Program Files (x86)\MiKTeX 2.9\tex\latex\00miktex\color.cfg"
File: color.cfg 2007/01/18 v1.5 color configuration of teTeX/TeXLive
)
Package color Info: Driver file: pdftex.def on input line 130.

("C:\Program Files (x86)\MiKTeX 2.9\tex\latex\pdftex-def\pdftex.def"
File: pdftex.def 2011/05/27 v0.06d Graphics/color for pdfTeX

("C:\Program Files (x86)\MiKTeX 2.9\tex\generic\oberdiek\infwarerr.sty"
Package: infwarerr 2010/04/08 v1.3 Providing info/warning/error messages (HO)
)
("C:\Program Files (x86)\MiKTeX 2.9\tex\generic\oberdiek\ltxcmds.sty"
Package: ltxcmds 2011/11/09 v1.22 LaTeX kernel commands for general use (HO)
)
\Gread@gobject=\count102
))
("C:\Program Files (x86)\MiKTeX 2.9\tex\latex\base\makeidx.sty"
Package: makeidx 2000/03/29 v1.0m Standard LaTeX package
)
(C:\Users\Marcelle\Documents\GitHub\manual-ead\a4wide.sty
Package: a4wide 1994/08/30

(C:\Users\Marcelle\Documents\GitHub\manual-ead\a4.sty
Substyle for A4 sized documents. Released 21 April 1988
)) (C:\Users\Marcelle\Documents\GitHub\manual-ead\setspace.sty
Package: setspace 2011/12/19 v6.7a set line spacing
)
(C:\Users\Marcelle\Documents\GitHub\manual-ead\html.sty
Package: html 1996/02/01 v1.0 hypertext commands for latex2html (nd, hs)
\c@lpart=\count103
\c@lchapter=\count104
\c@lsection=\count105
\c@lsubsection=\count106
\c@lsubsubsection=\count107
\c@lparagraph=\count108
\c@lsubparagraph=\count109
\c@lsubsubparagraph=\count110
\c@lequation=\count111
)
(C:\Users\Marcelle\Documents\GitHub\manual-ead\ulem.sty
\UL@box=\box28
\UL@hyphenbox=\box29
\UL@skip=\skip46
\UL@hook=\toks24
\UL@height=\dimen115
\UL@pe=\count112
\UL@pixel=\dimen116
\ULC@box=\box30
Package: ulem 2011/03/18
\ULdepth=\dimen117
)
("C:\Program Files (x86)\MiKTeX 2.9\tex\latex\tools\longtable.sty"
Package: longtable 2004/02/01 v4.11 Multi-page Table package (DPC)
\LTleft=\skip47
\LTright=\skip48
\LTpre=\skip49
\LTpost=\skip50
\LTchunksize=\count113
\LTcapwidth=\dimen118
\LT@head=\box31
\LT@firsthead=\box32
\LT@foot=\box33
\LT@lastfoot=\box34
\LT@cols=\count114
\LT@rows=\count115
\c@LT@tables=\count116
\c@LT@chunks=\count117
\LT@p@ftn=\toks25
)
("C:\Program Files (x86)\MiKTeX 2.9\tex\latex\tools\array.sty"
Package: array 2008/09/09 v2.4c Tabular extension package (FMi)
\col@sep=\dimen119
\extrarowheight=\dimen120
\NC@list=\toks26
\extratabsurround=\skip51
\backup@length=\skip52
)
(C:\Users\Marcelle\Documents\GitHub\manual-ead\xcolor.sty
Package: xcolor 2007/01/21 v2.11 LaTeX color extensions (UK)

("C:\Program Files (x86)\MiKTeX 2.9\tex\latex\00miktex\color.cfg"
File: color.cfg 2007/01/18 v1.5 color configuration of teTeX/TeXLive
)
Package xcolor Info: Driver file: pdftex.def on input line 225.

(C:\Users\Marcelle\Documents\GitHub\manual-ead\colortbl.sty
Package: colortbl 1996/10/12 v0.1g Color table columns (DPC)
\everycr=\toks27
\minrowclearance=\skip53
)
LaTeX Info: Redefining \color on input line 702.
\rownum=\count118
Package xcolor Info: Model `cmy' substituted by `cmy0' on input line 1337.
Package xcolor Info: Model `RGB' extended on input line 1353.
Package xcolor Info: Model `HTML' substituted by `rgb' on input line 1355.
Package xcolor Info: Model `Hsb' substituted by `hsb' on input line 1356.
Package xcolor Info: Model `tHsb' substituted by `hsb' on input line 1357.
Package xcolor Info: Model `HSB' substituted by `hsb' on input line 1358.
Package xcolor Info: Model `Gray' substituted by `gray' on input line 1359.
Package xcolor Info: Model `wave' substituted by `hsb' on input line 1360.
)
(C:\Users\Marcelle\Documents\GitHub\manual-ead\wrapfig.sty
\wrapoverhang=\dimen121
\WF@size=\dimen122
\c@WF@wrappedlines=\count119
\WF@box=\box35
\WF@everypar=\toks28
Package: wrapfig 2003/01/31  v 3.6
)
("C:\Program Files (x86)\MiKTeX 2.9\tex\latex\hyperref\hyperref.sty"
Package: hyperref 2012/11/06 v6.83m Hypertext links for LaTeX

("C:\Program Files (x86)\MiKTeX 2.9\tex\generic\oberdiek\hobsub-hyperref.sty"
Package: hobsub-hyperref 2012/04/25 v1.12 Bundle oberdiek, subset hyperref (HO)


("C:\Program Files (x86)\MiKTeX 2.9\tex\generic\oberdiek\hobsub-generic.sty"
Package: hobsub-generic 2012/04/25 v1.12 Bundle oberdiek, subset generic (HO)
Package: hobsub 2012/04/25 v1.12 Construct package bundles (HO)
Package hobsub Info: Skipping package `infwarerr' (already loaded).
Package hobsub Info: Skipping package `ltxcmds' (already loaded).
Package: ifluatex 2010/03/01 v1.3 Provides the ifluatex switch (HO)
Package ifluatex Info: LuaTeX not detected.
Package: ifvtex 2010/03/01 v1.5 Detect VTeX and its facilities (HO)
Package ifvtex Info: VTeX not detected.
Package: intcalc 2007/09/27 v1.1 Expandable calculations with integers (HO)
Package: ifpdf 2011/01/30 v2.3 Provides the ifpdf switch (HO)
Package ifpdf Info: pdfTeX in PDF mode is detected.
Package: etexcmds 2011/02/16 v1.5 Avoid name clashes with e-TeX commands (HO)
Package etexcmds Info: Could not find \expanded.
(etexcmds)             That can mean that you are not using pdfTeX 1.50 or
(etexcmds)             that some package has redefined \expanded.
(etexcmds)             In the latter case, load this package earlier.
Package: kvsetkeys 2012/04/25 v1.16 Key value parser (HO)
Package: kvdefinekeys 2011/04/07 v1.3 Define keys (HO)
Package: pdftexcmds 2011/11/29 v0.20 Utility functions of pdfTeX for LuaTeX (HO
)
Package pdftexcmds Info: LuaTeX not detected.
Package pdftexcmds Info: \pdf@primitive is available.
Package pdftexcmds Info: \pdf@ifprimitive is available.
Package pdftexcmds Info: \pdfdraftmode found.
Package: pdfescape 2011/11/25 v1.13 Implements pdfTeX's escape features (HO)
Package: bigintcalc 2012/04/08 v1.3 Expandable calculations on big integers (HO
)
Package: bitset 2011/01/30 v1.1 Handle bit-vector datatype (HO)
Package: uniquecounter 2011/01/30 v1.2 Provide unlimited unique counter (HO)
)
Package hobsub Info: Skipping package `hobsub' (already loaded).
Package: letltxmacro 2010/09/02 v1.4 Let assignment for LaTeX macros (HO)
Package: hopatch 2011/06/24 v1.1 Wrapper for package hooks (HO)
Package: xcolor-patch 2011/01/30 xcolor patch
Package: atveryend 2011/06/30 v1.8 Hooks at the very end of document (HO)
Package atveryend Info: \enddocument detected (standard20110627).
Package: atbegshi 2011/10/05 v1.16 At begin shipout hook (HO)
Package: refcount 2011/10/16 v3.4 Data extraction from label references (HO)
Package: hycolor 2011/01/30 v1.7 Color options for hyperref/bookmark (HO)
)
("C:\Program Files (x86)\MiKTeX 2.9\tex\generic\ifxetex\ifxetex.sty"
Package: ifxetex 2010/09/12 v0.6 Provides ifxetex conditional
)
("C:\Program Files (x86)\MiKTeX 2.9\tex\latex\oberdiek\auxhook.sty"
Package: auxhook 2011/03/04 v1.3 Hooks for auxiliary files (HO)
)
("C:\Program Files (x86)\MiKTeX 2.9\tex\latex\oberdiek\kvoptions.sty"
Package: kvoptions 2011/06/30 v3.11 Key value format for package options (HO)
)
\@linkdim=\dimen123
\Hy@linkcounter=\count120
\Hy@pagecounter=\count121

("C:\Program Files (x86)\MiKTeX 2.9\tex\latex\hyperref\pd1enc.def"
File: pd1enc.def 2012/11/06 v6.83m Hyperref: PDFDocEncoding definition (HO)
)
\Hy@SavedSpaceFactor=\count122

("C:\Program Files (x86)\MiKTeX 2.9\tex\latex\00miktex\hyperref.cfg"
File: hyperref.cfg 2002/06/06 v1.2 hyperref configuration of TeXLive
)
Package hyperref Info: Hyper figures OFF on input line 4443.
Package hyperref Info: Link nesting OFF on input line 4448.
Package hyperref Info: Hyper index ON on input line 4451.
Package hyperref Info: Plain pages OFF on input line 4458.
Package hyperref Info: Backreferencing OFF on input line 4463.
Package hyperref Info: Implicit mode ON; LaTeX internals redefined.
Package hyperref Info: Bookmarks ON on input line 4688.
\c@Hy@tempcnt=\count123

("C:\Program Files (x86)\MiKTeX 2.9\tex\latex\ltxmisc\url.sty"
\Urlmuskip=\muskip11
Package: url 2006/04/12  ver 3.3  Verb mode for urls, etc.
)
LaTeX Info: Redefining \url on input line 5041.
LaTeX Info: Redefining \hyperref on input line 5052.
\XeTeXLinkMargin=\dimen124
\Fld@menulength=\count124
\Field@Width=\dimen125
\Fld@charsize=\dimen126
Package hyperref Info: Hyper figures OFF on input line 6295.
Package hyperref Info: Link nesting OFF on input line 6300.
Package hyperref Info: Hyper index ON on input line 6303.
Package hyperref Info: backreferencing OFF on input line 6310.
Package hyperref Info: Link coloring OFF on input line 6315.
Package hyperref Info: Link coloring with OCG OFF on input line 6320.
Package hyperref Info: PDF/A mode OFF on input line 6325.
LaTeX Info: Redefining \ref on input line 6365.
LaTeX Info: Redefining \pageref on input line 6369.
\Hy@abspage=\count125
\c@Item=\count126
\c@Hfootnote=\count127
)

Package hyperref Message: Driver: hpdftex.

("C:\Program Files (x86)\MiKTeX 2.9\tex\latex\hyperref\hpdftex.def"
File: hpdftex.def 2012/11/06 v6.83m Hyperref driver for pdfTeX
\Fld@listcount=\count128
\c@bookmark@seq@number=\count129

("C:\Program Files (x86)\MiKTeX 2.9\tex\latex\oberdiek\rerunfilecheck.sty"
Package: rerunfilecheck 2011/04/15 v1.7 Rerun checks for auxiliary files (HO)
Package uniquecounter Info: New unique counter `rerunfilecheck' on input line 2
82.
)
\Hy@SectionHShift=\skip54
)
\@indexfile=\write3

Writing index file cometomoodle.idx
(C:\Users\Marcelle\Documents\GitHub\manual-ead\cometomoodle.aux
(C:\Users\Marcelle\Documents\GitHub\manual-ead\chapter01.aux)
(C:\Users\Marcelle\Documents\GitHub\manual-ead\chapter02.aux)
(C:\Users\Marcelle\Documents\GitHub\manual-ead\chapter03.aux)
(C:\Users\Marcelle\Documents\GitHub\manual-ead\chapter04.aux)
(C:\Users\Marcelle\Documents\GitHub\manual-ead\chapter05.aux)
(C:\Users\Marcelle\Documents\GitHub\manual-ead\chapter06.aux)
(C:\Users\Marcelle\Documents\GitHub\manual-ead\chapter07.aux

LaTeX Warning: Label `cap6' multiply defined.

) (C:\Users\Marcelle\Documents\GitHub\manual-ead\chapter08.aux)
(C:\Users\Marcelle\Documents\GitHub\manual-ead\chapter09.aux)
(C:\Users\Marcelle\Documents\GitHub\manual-ead\appendix_A.aux))
LaTeX Font Info:    Checking defaults for OML/cmm/m/it on input line 52.
LaTeX Font Info:    ... okay on input line 52.
LaTeX Font Info:    Checking defaults for T1/cmr/m/n on input line 52.
LaTeX Font Info:    ... okay on input line 52.
LaTeX Font Info:    Checking defaults for OT1/cmr/m/n on input line 52.
LaTeX Font Info:    ... okay on input line 52.
LaTeX Font Info:    Checking defaults for OMS/cmsy/m/n on input line 52.
LaTeX Font Info:    ... okay on input line 52.
LaTeX Font Info:    Checking defaults for OMX/cmex/m/n on input line 52.
LaTeX Font Info:    ... okay on input line 52.
LaTeX Font Info:    Checking defaults for U/cmr/m/n on input line 52.
LaTeX Font Info:    ... okay on input line 52.
LaTeX Font Info:    Checking defaults for PD1/pdf/m/n on input line 52.
LaTeX Font Info:    ... okay on input line 52.
LaTeX Font Info:    Try loading font information for T1+ptm on input line 52.

("C:\Program Files (x86)\MiKTeX 2.9\tex\latex\psnfss\t1ptm.fd"
File: t1ptm.fd 2001/06/04 font definitions for T1/ptm.
)
(C:\Users\Marcelle\AppData\Roaming\MiKTeX\2.9\tex\latex\ucs\ucsencs.def
File: ucsencs.def 2011/01/21 Fixes to fontencodings LGR, T3
)
(C:\Users\Marcelle\AppData\Roaming\MiKTeX\2.9\tex\context\base\supp-pdf.mkii
[Loading MPS to PDF converter (version 2006.09.02).]
\scratchcounter=\count130
\scratchdimen=\dimen127
\scratchbox=\box36
\nofMPsegments=\count131
\nofMParguments=\count132
\everyMPshowfont=\toks29
\MPscratchCnt=\count133
\MPscratchDim=\dimen128
\MPnumerator=\count134
\makeMPintoPDFobject=\count135
\everyMPtoPDFconversion=\toks30
)
\AtBeginShipoutBox=\box37
Package hyperref Info: Link coloring OFF on input line 52.
 ("C:\Program Files (x86)\MiKTeX 2.9\tex\latex\hyperref\nameref.sty"
Package: nameref 2012/10/27 v2.43 Cross-referencing by name of section

("C:\Program Files (x86)\MiKTeX 2.9\tex\generic\oberdiek\gettitlestring.sty"
Package: gettitlestring 2010/12/03 v1.4 Cleanup title references (HO)
)
\c@section@level=\count136
)
LaTeX Info: Redefining \ref on input line 52.
LaTeX Info: Redefining \pageref on input line 52.
LaTeX Info: Redefining \nameref on input line 52.

(C:\Users\Marcelle\Documents\GitHub\manual-ead\cometomoodle.out)
(C:\Users\Marcelle\Documents\GitHub\manual-ead\cometomoodle.out)
\@outlinefile=\write4

<imagem/cap0/hat.jpg, id=223, 107.40125pt x 100.375pt>
File: imagem/cap0/hat.jpg Graphic file (type jpg)

<use imagem/cap0/hat.jpg>
Package pdftex.def Info: imagem/cap0/hat.jpg used on input line 55.
(pdftex.def)             Requested size: 56.9055pt x 53.18317pt.
LaTeX Font Info:    Try loading font information for OT1+lmr on input line 55.

("C:\Program Files (x86)\MiKTeX 2.9\tex\latex\lm\ot1lmr.fd"
File: ot1lmr.fd 2009/10/30 v1.6 Font defs for Latin Modern
)
LaTeX Font Info:    Try loading font information for OML+lmm on input line 55.

("C:\Program Files (x86)\MiKTeX 2.9\tex\latex\lm\omllmm.fd"
File: omllmm.fd 2009/10/30 v1.6 Font defs for Latin Modern
)
LaTeX Font Info:    Try loading font information for OMS+lmsy on input line 55.


("C:\Program Files (x86)\MiKTeX 2.9\tex\latex\lm\omslmsy.fd"
File: omslmsy.fd 2009/10/30 v1.6 Font defs for Latin Modern
)
LaTeX Font Info:    Try loading font information for OMX+lmex on input line 55.


("C:\Program Files (x86)\MiKTeX 2.9\tex\latex\lm\omxlmex.fd"
File: omxlmex.fd 2009/10/30 v1.6 Font defs for Latin Modern
)
LaTeX Font Info:    External font `lmex10' loaded for size
(Font)              <12> on input line 55.
LaTeX Font Info:    External font `lmex10' loaded for size
(Font)              <8> on input line 55.
LaTeX Font Info:    External font `lmex10' loaded for size
(Font)              <6> on input line 55.
LaTeX Font Info:    Try loading font information for U+msa on input line 55.

("C:\Program Files (x86)\MiKTeX 2.9\tex\latex\amsfonts\umsa.fd"
File: umsa.fd 2013/01/14 v3.01 AMS symbols A
)
LaTeX Font Info:    Try loading font information for U+msb on input line 55.

("C:\Program Files (x86)\MiKTeX 2.9\tex\latex\amsfonts\umsb.fd"
File: umsb.fd 2013/01/14 v3.01 AMS symbols B
) [1


{C:/Users/Marcelle/AppData/Local/MiKTeX/2.9/pdftex/config/pdftex.map} <C:/Users
/Marcelle/Documents/GitHub/manual-ead/imagem/cap0/hat.jpg>]
LaTeX Font Info:    Try loading font information for T1+pcr on input line 65.

("C:\Program Files (x86)\MiKTeX 2.9\tex\latex\psnfss\t1pcr.fd"
File: t1pcr.fd 2001/06/04 font definitions for T1/pcr.
)
LaTeX Font Info:    External font `lmex10' loaded for size
(Font)              <10> on input line 65.
LaTeX Font Info:    External font `lmex10' loaded for size
(Font)              <7> on input line 65.
LaTeX Font Info:    External font `lmex10' loaded for size
(Font)              <5> on input line 65.
 [1

] [2

]
LaTeX Font Info:    Font shape `T1/ptm/bx/n' in size <24.88> not available
(Font)              Font shape `T1/ptm/b/n' tried instead on input line 73.

(C:\Users\Marcelle\Documents\GitHub\manual-ead\cometomoodle.toc
LaTeX Font Info:    Font shape `T1/ptm/bx/n' in size <10> not available
(Font)              Font shape `T1/ptm/b/n' tried instead on input line 2.
 [3])
\tf@toc=\write5
 [4]
(C:\Users\Marcelle\Documents\GitHub\manual-ead\chapter01.tex
Cap\'{\i }tulo 1.
LaTeX Font Info:    Font shape `T1/ptm/bx/n' in size <20.74> not available
(Font)              Font shape `T1/ptm/b/n' tried instead on input line 1.
LaTeX Font Info:    Try loading font information for OMS+ptm on input line 35.
("C:\Program Files (x86)\MiKTeX 2.9\tex\latex\psnfss\omsptm.fd"
File: omsptm.fd 
)
LaTeX Font Info:    Font shape `OMS/ptm/m/n' in size <10> not available
(Font)              Font shape `OMS/cmsy/m/n' tried instead on input line 35.
pdfTeX warning (ext4): destination with the same identifier (name{page.1}) has 
been already used, duplicate ignored
<to be read again> 
                   \relax 
l.59  \item i
             nserir o seu material didático como apresentações, textos, o...
[1



]
LaTeX Font Info:    Font shape `T1/ptm/bx/n' in size <14.4> not available
(Font)              Font shape `T1/ptm/b/n' tried instead on input line 88.

Overfull \hbox (7.69069pt too wide) in paragraph at lines 93--99
[]\T1/ptm/m/n/10 O Mi-nis-té-rio da Edu-cação do Go-verno bra-si-leiro ela-b
o-rou no ano de 2005 o mo-delo de |   []
 []

<imagem/cap1/fig1.jpg, id=312, 596.2275pt x 667.49374pt>
File: imagem/cap1/fig1.jpg Graphic file (type jpg)

<use imagem/cap1/fig1.jpg>
Package pdftex.def Info: imagem/cap1/fig1.jpg used on input line 109.
(pdftex.def)             Requested size: 148.60777pt x 166.36377pt.
 [2] [3 <C:/Users/Marcelle/Documents/GitHub/manual-ead/imagem/cap1/fig1.jpg>]
LaTeX Font Info:    Font shape `T1/ptm/bx/n' in size <8> not available
(Font)              Font shape `T1/ptm/b/n' tried instead on input line 186.


LaTeX Warning: Reference `sec:apendice' on page 4 undefined on input line 186.

) [4] (C:\Users\Marcelle\Documents\GitHub\manual-ead\chapter02.tex
Cap\'{\i }tulo 2.
) [5



] (C:\Users\Marcelle\Documents\GitHub\manual-ead\chapter03.tex [6



]
Cap\'{\i }tulo 3.
) [7] (C:\Users\Marcelle\Documents\GitHub\manual-ead\chapter04.tex [8



]
Cap\'{\i }tulo 4.
) [9] (C:\Users\Marcelle\Documents\GitHub\manual-ead\chapter05.tex [10



]
Cap\'{\i }tulo 5.
) [11] (C:\Users\Marcelle\Documents\GitHub\manual-ead\chapter06.tex [12



]
Cap\'{\i }tulo 6.
) [13] (C:\Users\Marcelle\Documents\GitHub\manual-ead\chapter07.tex [14



]
Cap\'{\i }tulo 7.
) [15] (C:\Users\Marcelle\Documents\GitHub\manual-ead\chapter08.tex [16



]
Cap\'{\i }tulo 8.
) [17] (C:\Users\Marcelle\Documents\GitHub\manual-ead\chapter09.tex [18



]
Cap\'{\i }tulo 9.
) [19] (C:\Users\Marcelle\Documents\GitHub\manual-ead\appendix_A.tex [20



]
Ap\^endice A.
<imagem/cap0/fig-a-01.jpg, id=400, 502.87875pt x 134.75343pt>
File: imagem/cap0/fig-a-01.jpg Graphic file (type jpg)

<use imagem/cap0/fig-a-01.jpg>
Package pdftex.def Info: imagem/cap0/fig-a-01.jpg used on input line 19.
(pdftex.def)             Requested size: 254.75433pt x 68.2648pt.

<imagem/cap0/fig-a-01_t.jpg, id=401, 671.50874pt x 180.675pt>
File: imagem/cap0/fig-a-01_t.jpg Graphic file (type jpg)

<use imagem/cap0/fig-a-01_t.jpg>
Package pdftex.def Info: imagem/cap0/fig-a-01_t.jpg used on input line 32.
(pdftex.def)             Requested size: 254.75433pt x 68.54417pt.

<imagem/cap0/ed_color_fg.jpg, id=402, 18.0675pt x 18.0675pt>
File: imagem/cap0/ed_color_fg.jpg Graphic file (type jpg)

<use imagem/cap0/ed_color_fg.jpg>
Package pdftex.def Info: imagem/cap0/ed_color_fg.jpg used on input line 39.
(pdftex.def)             Requested size: 8.5359pt x 8.53583pt.

<imagem/cap0/ed_color_bg.jpg, id=403, 18.0675pt x 18.0675pt>
File: imagem/cap0/ed_color_bg.jpg Graphic file (type jpg)

<use imagem/cap0/ed_color_bg.jpg>
Package pdftex.def Info: imagem/cap0/ed_color_bg.jpg used on input line 40.
(pdftex.def)             Requested size: 8.5359pt x 8.53583pt.

<imagem/cap0/fig-a-02.jpg, id=404, 179.16937pt x 183.68625pt>
File: imagem/cap0/fig-a-02.jpg Graphic file (type jpg)

<use imagem/cap0/fig-a-02.jpg>
Package pdftex.def Info: imagem/cap0/fig-a-02.jpg used on input line 44.
(pdftex.def)             Requested size: 127.37717pt x 130.5891pt.

<imagem/cap0/hr.jpg, id=405, 18.0675pt x 18.0675pt>
File: imagem/cap0/hr.jpg Graphic file (type jpg)
 <use imagem/cap0/hr.jpg>
Package pdftex.def Info: imagem/cap0/hr.jpg used on input line 49.
(pdftex.def)             Requested size: 11.38092pt x 11.38092pt.

<imagem/cap0/bold.jpg, id=406, 6.5043pt x 6.5043pt>
File: imagem/cap0/bold.jpg Graphic file (type jpg)
 <use imagem/cap0/bold.jpg>
Package pdftex.def Info: imagem/cap0/bold.jpg used on input line 54.
(pdftex.def)             Requested size: 11.38092pt x 11.38147pt.

<imagem/cap0/italic.jpg, id=407, 18.0675pt x 18.0675pt>
File: imagem/cap0/italic.jpg Graphic file (type jpg)

<use imagem/cap0/italic.jpg>
Package pdftex.def Info: imagem/cap0/italic.jpg used on input line 55.
(pdftex.def)             Requested size: 11.38092pt x 11.38092pt.

<imagem/cap0/underline.jpg, id=408, 18.0675pt x 18.0675pt>
File: imagem/cap0/underline.jpg Graphic file (type jpg)

<use imagem/cap0/underline.jpg>
Package pdftex.def Info: imagem/cap0/underline.jpg used on input line 56.
(pdftex.def)             Requested size: 11.38092pt x 11.38092pt.

<imagem/cap0/strike.jpg, id=409, 18.0675pt x 18.0675pt>
File: imagem/cap0/strike.jpg Graphic file (type jpg)

<use imagem/cap0/strike.jpg>
Package pdftex.def Info: imagem/cap0/strike.jpg used on input line 57.
(pdftex.def)             Requested size: 11.38092pt x 11.38092pt.

<imagem/cap0/sub.jpg, id=410, 18.0675pt x 18.0675pt>
File: imagem/cap0/sub.jpg Graphic file (type jpg)
 <use imagem/cap0/sub.jpg>
Package pdftex.def Info: imagem/cap0/sub.jpg used on input line 58.
(pdftex.def)             Requested size: 11.38092pt x 11.38092pt.

<imagem/cap0/sup.jpg, id=411, 18.0675pt x 18.0675pt>
File: imagem/cap0/sup.jpg Graphic file (type jpg)
 <use imagem/cap0/sup.jpg>
Package pdftex.def Info: imagem/cap0/sup.jpg used on input line 59.
(pdftex.def)             Requested size: 11.38092pt x 11.38092pt.

<imagem/cap0/align_left.jpg, id=412, 18.0675pt x 18.0675pt>
File: imagem/cap0/align_left.jpg Graphic file (type jpg)

<use imagem/cap0/align_left.jpg>
Package pdftex.def Info: imagem/cap0/align_left.jpg used on input line 60.
(pdftex.def)             Requested size: 11.38092pt x 11.38092pt.

<imagem/cap0/align_center.jpg, id=413, 18.0675pt x 18.0675pt>
File: imagem/cap0/align_center.jpg Graphic file (type jpg)

<use imagem/cap0/align_center.jpg>
Package pdftex.def Info: imagem/cap0/align_center.jpg used on input line 61.
(pdftex.def)             Requested size: 11.38092pt x 11.38092pt.

<imagem/cap0/align_right.jpg, id=414, 18.0675pt x 18.0675pt>
File: imagem/cap0/align_right.jpg Graphic file (type jpg)

<use imagem/cap0/align_right.jpg>
Package pdftex.def Info: imagem/cap0/align_right.jpg used on input line 62.
(pdftex.def)             Requested size: 11.38092pt x 11.38092pt.

<imagem/cap0/align_justify.jpg, id=415, 18.0675pt x 18.0675pt>
File: imagem/cap0/align_justify.jpg Graphic file (type jpg)

<use imagem/cap0/align_justify.jpg>
Package pdftex.def Info: imagem/cap0/align_justify.jpg used on input line 63.
(pdftex.def)             Requested size: 11.38092pt x 11.38092pt.

<imagem/cap0/left_to_right.jpg, id=416, 18.0675pt x 18.0675pt>
File: imagem/cap0/left_to_right.jpg Graphic file (type jpg)

<use imagem/cap0/left_to_right.jpg>
Package pdftex.def Info: imagem/cap0/left_to_right.jpg used on input line 64.
(pdftex.def)             Requested size: 11.38092pt x 11.38092pt.

<imagem/cap0/right_to_left.jpg, id=417, 18.0675pt x 18.0675pt>
File: imagem/cap0/right_to_left.jpg Graphic file (type jpg)

<use imagem/cap0/right_to_left.jpg>
Package pdftex.def Info: imagem/cap0/right_to_left.jpg used on input line 65.
(pdftex.def)             Requested size: 11.38092pt x 11.38092pt.

<imagem/cap0/list_num.jpg, id=418, 18.0675pt x 18.0675pt>
File: imagem/cap0/list_num.jpg Graphic file (type jpg)

<use imagem/cap0/list_num.jpg>
Package pdftex.def Info: imagem/cap0/list_num.jpg used on input line 66.
(pdftex.def)             Requested size: 11.38092pt x 11.38092pt.

<imagem/cap0/list_bullet.jpg, id=419, 18.0675pt x 18.0675pt>
File: imagem/cap0/list_bullet.jpg Graphic file (type jpg)

<use imagem/cap0/list_bullet.jpg>
Package pdftex.def Info: imagem/cap0/list_bullet.jpg used on input line 67.
(pdftex.def)             Requested size: 11.38092pt x 11.38092pt.

<imagem/cap0/indent_less.jpg, id=420, 18.0675pt x 18.0675pt>
File: imagem/cap0/indent_less.jpg Graphic file (type jpg)

<use imagem/cap0/indent_less.jpg>
Package pdftex.def Info: imagem/cap0/indent_less.jpg used on input line 68.
(pdftex.def)             Requested size: 11.38092pt x 11.38092pt.

Underfull \hbox (badness 3907) in paragraph at lines 68--69
[]|\T1/ptm/m/n/10 Reduzir dis-tân-cia da mar-gem (iden-
 []

<imagem/cap0/indent_more.jpg, id=421, 18.0675pt x 18.0675pt>
File: imagem/cap0/indent_more.jpg Graphic file (type jpg)

<use imagem/cap0/indent_more.jpg>
Package pdftex.def Info: imagem/cap0/indent_more.jpg used on input line 69.
(pdftex.def)             Requested size: 11.38092pt x 11.38092pt.
File: imagem/cap0/ed_color_fg.jpg Graphic file (type jpg)
 <use imagem/cap0/ed_color_fg.jpg>
Package pdftex.def Info: imagem/cap0/ed_color_fg.jpg used on input line 70.
(pdftex.def)             Requested size: 11.38092pt x 11.38092pt.
File: imagem/cap0/ed_color_bg.jpg Graphic file (type jpg)

<use imagem/cap0/ed_color_bg.jpg>
Package pdftex.def Info: imagem/cap0/ed_color_bg.jpg used on input line 71.
(pdftex.def)             Requested size: 11.38092pt x 11.38092pt.
File: imagem/cap0/hr.jpg Graphic file (type jpg)
 <use imagem/cap0/hr.jpg>
Package pdftex.def Info: imagem/cap0/hr.jpg used on input line 72.
(pdftex.def)             Requested size: 11.38092pt x 11.38092pt.

<imagem/cap0/fig-a-04.jpg, id=422, 671.50874pt x 180.675pt>
File: imagem/cap0/fig-a-04.jpg Graphic file (type jpg)

<use imagem/cap0/fig-a-04.jpg>
Package pdftex.def Info: imagem/cap0/fig-a-04.jpg used on input line 87.
(pdftex.def)             Requested size: 254.75433pt x 68.54417pt.

<imagem/cap0/anchor.jpg, id=423, 18.0675pt x 18.0675pt>
File: imagem/cap0/anchor.jpg Graphic file (type jpg)

<use imagem/cap0/anchor.jpg>
Package pdftex.def Info: imagem/cap0/anchor.jpg used on input line 97.
(pdftex.def)             Requested size: 11.38092pt x 11.38092pt.

<imagem/cap0/link.jpg, id=424, 18.0675pt x 18.0675pt>
File: imagem/cap0/link.jpg Graphic file (type jpg)

<use imagem/cap0/link.jpg>
Package pdftex.def Info: imagem/cap0/link.jpg used on input line 98.
(pdftex.def)             Requested size: 11.38092pt x 11.38092pt.

<imagem/cap0/unlink.jpg, id=425, 20.075pt x 20.075pt>
File: imagem/cap0/unlink.jpg Graphic file (type jpg)

<use imagem/cap0/unlink.jpg>
Package pdftex.def Info: imagem/cap0/unlink.jpg used on input line 99.
(pdftex.def)             Requested size: 11.38092pt x 11.38129pt.

<imagem/cap0/nolink.jpg, id=426, 18.0675pt x 18.0675pt>
File: imagem/cap0/nolink.jpg Graphic file (type jpg)

<use imagem/cap0/nolink.jpg>
Package pdftex.def Info: imagem/cap0/nolink.jpg used on input line 100.
(pdftex.def)             Requested size: 11.38092pt x 11.38092pt.
LaTeX Font Info:    Font shape `T1/ptm/bx/n' in size <12> not available
(Font)              Font shape `T1/ptm/b/n' tried instead on input line 106.
File: imagem/cap0/link.jpg Graphic file (type jpg)
 <use imagem/cap0/link.jpg>
Package pdftex.def Info: imagem/cap0/link.jpg used on input line 108.
(pdftex.def)             Requested size: 11.38092pt x 11.38092pt.
 [21 <C:/Users/Marcelle/Documents/GitHub/manual-ead/imagem/cap0/ed_color_fg.jpg
> <C:/Users/Marcelle/Documents/GitHub/manual-ead/imagem/cap0/ed_color_bg.jpg> <
C:/Users/Marcelle/Documents/GitHub/manual-ead/imagem/cap0/hr.jpg> <C:/Users/Mar
celle/Documents/GitHub/manual-ead/imagem/cap0/fig-a-01.jpg>] [22 <C:/Users/Marc
elle/Documents/GitHub/manual-ead/imagem/cap0/fig-a-01_t.jpg> <C:/Users/Marcelle
/Documents/GitHub/manual-ead/imagem/cap0/fig-a-02.jpg> <C:/Users/Marcelle/Docum
ents/GitHub/manual-ead/imagem/cap0/bold.jpg> <C:/Users/Marcelle/Documents/GitHu
b/manual-ead/imagem/cap0/italic.jpg> <C:/Users/Marcelle/Documents/GitHub/manual
-ead/imagem/cap0/underline.jpg> <C:/Users/Marcelle/Documents/GitHub/manual-ead/
imagem/cap0/strike.jpg> <C:/Users/Marcelle/Documents/GitHub/manual-ead/imagem/c
ap0/sub.jpg> <C:/Users/Marcelle/Documents/GitHub/manual-ead/imagem/cap0/sup.jpg
> <C:/Users/Marcelle/Documents/GitHub/manual-ead/imagem/cap0/align_left.jpg> <C
:/Users/Marcelle/Documents/GitHub/manual-ead/imagem/cap0/align_center.jpg> <C:/
Users/Marcelle/Documents/GitHub/manual-ead/imagem/cap0/align_right.jpg> <C:/Use
rs/Marcelle/Documents/GitHub/manual-ead/imagem/cap0/align_justify.jpg> <C:/User
s/Marcelle/Documents/GitHub/manual-ead/imagem/cap0/left_to_right.jpg> <C:/Users
/Marcelle/Documents/GitHub/manual-ead/imagem/cap0/right_to_left.jpg> <C:/Users/
Marcelle/Documents/GitHub/manual-ead/imagem/cap0/list_num.jpg> <C:/Users/Marcel
le/Documents/GitHub/manual-ead/imagem/cap0/list_bullet.jpg> <C:/Users/Marcelle/
Documents/GitHub/manual-ead/imagem/cap0/indent_less.jpg> <C:/Users/Marcelle/Doc
uments/GitHub/manual-ead/imagem/cap0/indent_more.jpg>]
<imagem/cap0/fig-a-05.jpg, id=442, 487.5816pt x 331.4784pt>
File: imagem/cap0/fig-a-05.jpg Graphic file (type jpg)

<use imagem/cap0/fig-a-05.jpg>
Package pdftex.def Info: imagem/cap0/fig-a-05.jpg used on input line 112.
(pdftex.def)             Requested size: 254.75433pt x 173.18913pt.
File: imagem/cap0/unlink.jpg Graphic file (type jpg)
 <use imagem/cap0/unlink.jpg>
Package pdftex.def Info: imagem/cap0/unlink.jpg used on input line 121.
(pdftex.def)             Requested size: 11.38092pt x 11.38129pt.

<imagem/cap0/ed_anchor.jpg, id=443, 6.5043pt x 6.5043pt>
File: imagem/cap0/ed_anchor.jpg Graphic file (type jpg)

<use imagem/cap0/ed_anchor.jpg>
Package pdftex.def Info: imagem/cap0/ed_anchor.jpg used on input line 127.
(pdftex.def)             Requested size: 11.38092pt x 11.38147pt.

<imagem/cap0/fig-a-06.jpg, id=444, 640.794pt x 418.2024pt>
File: imagem/cap0/fig-a-06.jpg Graphic file (type jpg)

<use imagem/cap0/fig-a-06.jpg>
Package pdftex.def Info: imagem/cap0/fig-a-06.jpg used on input line 133.
(pdftex.def)             Requested size: 254.75433pt x 166.26337pt.
File: imagem/cap0/anchor.jpg Graphic file (type jpg)
 <use imagem/cap0/anchor.jpg>
Package pdftex.def Info: imagem/cap0/anchor.jpg used on input line 144.
(pdftex.def)             Requested size: 11.38092pt x 11.38092pt.
File: imagem/cap0/link.jpg Graphic file (type jpg)

<use imagem/cap0/link.jpg>
Package pdftex.def Info: imagem/cap0/link.jpg used on input line 145.
(pdftex.def)             Requested size: 11.38092pt x 11.38092pt.

<imagem/cap0/fig-a-07.jpg, id=445, 316.18124pt x 210.03468pt>
File: imagem/cap0/fig-a-07.jpg Graphic file (type jpg)

<use imagem/cap0/fig-a-07.jpg>
Package pdftex.def Info: imagem/cap0/fig-a-07.jpg used on input line 150.
(pdftex.def)             Requested size: 212.29312pt x 141.02696pt.

<imagem/cap0/fig-a-08.jpg, id=446, 518.4168pt x 159.9576pt>
File: imagem/cap0/fig-a-08.jpg Graphic file (type jpg)

<use imagem/cap0/fig-a-08.jpg>
Package pdftex.def Info: imagem/cap0/fig-a-08.jpg used on input line 167.
(pdftex.def)             Requested size: 254.75433pt x 78.60445pt.

<imagem/cap0/image.jpg, id=447, 18.0675pt x 18.0675pt>
File: imagem/cap0/image.jpg Graphic file (type jpg)

<use imagem/cap0/image.jpg>
Package pdftex.def Info: imagem/cap0/image.jpg used on input line 175.
(pdftex.def)             Requested size: 11.38092pt x 11.38092pt.

<imagem/cap0/fig-a-09.jpg, id=448, 547.2947pt x 458.46281pt>
File: imagem/cap0/fig-a-09.jpg Graphic file (type jpg)

<use imagem/cap0/fig-a-09.jpg>
Package pdftex.def Info: imagem/cap0/fig-a-09.jpg used on input line 179.
(pdftex.def)             Requested size: 254.75433pt x 213.40686pt.
 [23 <C:/Users/Marcelle/Documents/GitHub/manual-ead/imagem/cap0/fig-a-04.jpg> <
C:/Users/Marcelle/Documents/GitHub/manual-ead/imagem/cap0/anchor.jpg> <C:/Users
/Marcelle/Documents/GitHub/manual-ead/imagem/cap0/link.jpg> <C:/Users/Marcelle/
Documents/GitHub/manual-ead/imagem/cap0/unlink.jpg> <C:/Users/Marcelle/Document
s/GitHub/manual-ead/imagem/cap0/nolink.jpg> <C:/Users/Marcelle/Documents/GitHub
/manual-ead/imagem/cap0/ed_anchor.jpg>] [24 <C:/Users/Marcelle/Documents/GitHub
/manual-ead/imagem/cap0/fig-a-05.jpg> <C:/Users/Marcelle/Documents/GitHub/manua
l-ead/imagem/cap0/fig-a-06.jpg> <C:/Users/Marcelle/Documents/GitHub/manual-ead/
imagem/cap0/fig-a-07.jpg>]
<imagem/cap0/fig-a-10.jpg, id=462, 447.17062pt x 334.24875pt>
File: imagem/cap0/fig-a-10.jpg Graphic file (type jpg)

<use imagem/cap0/fig-a-10.jpg>
Package pdftex.def Info: imagem/cap0/fig-a-10.jpg used on input line 190.
(pdftex.def)             Requested size: 254.75433pt x 190.42685pt.

<imagem/cap0/fig-a-11.jpg, id=463, 549.55313pt x 458.46281pt>
File: imagem/cap0/fig-a-11.jpg Graphic file (type jpg)

<use imagem/cap0/fig-a-11.jpg>
Package pdftex.def Info: imagem/cap0/fig-a-11.jpg used on input line 197.
(pdftex.def)             Requested size: 254.75433pt x 212.5254pt.

<imagem/cap0/fig-a-12.jpg, id=464, 706.3188pt x 482.2818pt>
File: imagem/cap0/fig-a-12.jpg Graphic file (type jpg)

<use imagem/cap0/fig-a-12.jpg>
Package pdftex.def Info: imagem/cap0/fig-a-12.jpg used on input line 206.
(pdftex.def)             Requested size: 254.75433pt x 173.9451pt.

<imagem/cap0/emoticons.jpg, id=465, 18.0675pt x 18.0675pt>
File: imagem/cap0/emoticons.jpg Graphic file (type jpg)

<use imagem/cap0/emoticons.jpg>
Package pdftex.def Info: imagem/cap0/emoticons.jpg used on input line 215.
(pdftex.def)             Requested size: 11.38092pt x 11.38092pt.

<imagem/cap0/fig-a-13.jpg, id=466, 248.42813pt x 277.78781pt>
File: imagem/cap0/fig-a-13.jpg Graphic file (type jpg)

<use imagem/cap0/fig-a-13.jpg>
Package pdftex.def Info: imagem/cap0/fig-a-13.jpg used on input line 219.
(pdftex.def)             Requested size: 254.75433pt x 284.86572pt.

<imagem/cap0/char.jpg, id=467, 18.0675pt x 18.0675pt>
File: imagem/cap0/char.jpg Graphic file (type jpg)

<use imagem/cap0/char.jpg>
Package pdftex.def Info: imagem/cap0/char.jpg used on input line 230.
(pdftex.def)             Requested size: 11.38092pt x 11.38092pt.

<imagem/cap0/fig-a-14.jpg, id=468, 360.59718pt x 201.00093pt>
File: imagem/cap0/fig-a-14.jpg Graphic file (type jpg)

<use imagem/cap0/fig-a-14.jpg>
Package pdftex.def Info: imagem/cap0/fig-a-14.jpg used on input line 234.
(pdftex.def)             Requested size: 254.75433pt x 142.00316pt.

Underfull \vbox (badness 2326) has occurred while \output is active []

 [25 <C:/Users/Marcelle/Documents/GitHub/manual-ead/imagem/cap0/fig-a-08.jpg> <
C:/Users/Marcelle/Documents/GitHub/manual-ead/imagem/cap0/fig-a-09.jpg> <C:/Use
rs/Marcelle/Documents/GitHub/manual-ead/imagem/cap0/image.jpg> <C:/Users/Marcel
le/Documents/GitHub/manual-ead/imagem/cap0/emoticons.jpg>] [26 <C:/Users/Marcel
le/Documents/GitHub/manual-ead/imagem/cap0/fig-a-10.jpg> <C:/Users/Marcelle/Doc
uments/GitHub/manual-ead/imagem/cap0/fig-a-11.jpg>] [27 <C:/Users/Marcelle/Docu
ments/GitHub/manual-ead/imagem/cap0/fig-a-12.jpg> <C:/Users/Marcelle/Documents/
GitHub/manual-ead/imagem/cap0/fig-a-13.jpg>]
<imagem/cap0/insert_table.jpg, id=488, 18.0675pt x 18.0675pt>
File: imagem/cap0/insert_table.jpg Graphic file (type jpg)

<use imagem/cap0/insert_table.jpg>
Package pdftex.def Info: imagem/cap0/insert_table.jpg used on input line 244.
(pdftex.def)             Requested size: 11.38092pt x 11.38092pt.

<imagem/cap0/fig-a-15.jpg, id=489, 316.18124pt x 225.09094pt>
File: imagem/cap0/fig-a-15.jpg Graphic file (type jpg)

<use imagem/cap0/fig-a-15.jpg>
Package pdftex.def Info: imagem/cap0/fig-a-15.jpg used on input line 248.
(pdftex.def)             Requested size: 254.75433pt x 181.3644pt.

<imagem/cap0/fullscreen.jpg, id=491, 18.0675pt x 18.0675pt>
File: imagem/cap0/fullscreen.jpg Graphic file (type jpg)

<use imagem/cap0/fullscreen.jpg>
Package pdftex.def Info: imagem/cap0/fullscreen.jpg used on input line 259.
(pdftex.def)             Requested size: 11.38092pt x 11.38092pt.

<imagem/cap0/fig-a-16.jpg, id=492, 476.53032pt x 73.77562pt>
File: imagem/cap0/fig-a-16.jpg Graphic file (type jpg)

<use imagem/cap0/fig-a-16.jpg>
Package pdftex.def Info: imagem/cap0/fig-a-16.jpg used on input line 263.
(pdftex.def)             Requested size: 254.75433pt x 39.44084pt.

<imagem/cap0/table-prop.jpg, id=493, 18.0675pt x 18.0675pt>
File: imagem/cap0/table-prop.jpg Graphic file (type jpg)

<use imagem/cap0/table-prop.jpg>
Package pdftex.def Info: imagem/cap0/table-prop.jpg used on input line 273.
(pdftex.def)             Requested size: 11.38092pt x 11.38092pt.

<imagem/cap0/row-prop.jpg, id=494, 18.0675pt x 18.0675pt>
File: imagem/cap0/row-prop.jpg Graphic file (type jpg)

<use imagem/cap0/row-prop.jpg>
Package pdftex.def Info: imagem/cap0/row-prop.jpg used on input line 274.
(pdftex.def)             Requested size: 11.38092pt x 11.38092pt.

<imagem/cap0/row-insert-above.jpg, id=495, 18.0675pt x 18.0675pt>
File: imagem/cap0/row-insert-above.jpg Graphic file (type jpg)

<use imagem/cap0/row-insert-above.jpg>
Package pdftex.def Info: imagem/cap0/row-insert-above.jpg used on input line 27
5.
(pdftex.def)             Requested size: 11.38092pt x 11.38092pt.

<imagem/cap0/row-insert-under.jpg, id=496, 18.0675pt x 18.0675pt>
File: imagem/cap0/row-insert-under.jpg Graphic file (type jpg)

<use imagem/cap0/row-insert-under.jpg>
Package pdftex.def Info: imagem/cap0/row-insert-under.jpg used on input line 27
6.
(pdftex.def)             Requested size: 11.38092pt x 11.38092pt.

<imagem/cap0/row-delete.jpg, id=497, 18.0675pt x 18.0675pt>
File: imagem/cap0/row-delete.jpg Graphic file (type jpg)

<use imagem/cap0/row-delete.jpg>
Package pdftex.def Info: imagem/cap0/row-delete.jpg used on input line 277.
(pdftex.def)             Requested size: 11.38092pt x 11.38092pt.

<imagem/cap0/row-split.jpg, id=498, 18.0675pt x 18.0675pt>
File: imagem/cap0/row-split.jpg Graphic file (type jpg)

<use imagem/cap0/row-split.jpg>
Package pdftex.def Info: imagem/cap0/row-split.jpg used on input line 278.
(pdftex.def)             Requested size: 11.38092pt x 11.38092pt.

<imagem/cap0/col-insert-before.jpg, id=499, 18.0675pt x 18.0675pt>
File: imagem/cap0/col-insert-before.jpg Graphic file (type jpg)

<use imagem/cap0/col-insert-before.jpg>
Package pdftex.def Info: imagem/cap0/col-insert-before.jpg used on input line 2
79.
(pdftex.def)             Requested size: 11.38092pt x 11.38092pt.

<imagem/cap0/col-insert-after.jpg, id=500, 18.0675pt x 18.0675pt>
File: imagem/cap0/col-insert-after.jpg Graphic file (type jpg)

<use imagem/cap0/col-insert-after.jpg>
Package pdftex.def Info: imagem/cap0/col-insert-after.jpg used on input line 28
0.
(pdftex.def)             Requested size: 11.38092pt x 11.38092pt.

<imagem/cap0/col-delete.jpg, id=501, 18.0675pt x 18.0675pt>
File: imagem/cap0/col-delete.jpg Graphic file (type jpg)

<use imagem/cap0/col-delete.jpg>
Package pdftex.def Info: imagem/cap0/col-delete.jpg used on input line 281.
(pdftex.def)             Requested size: 11.38092pt x 11.38092pt.

<imagem/cap0/col-split.jpg, id=502, 18.0675pt x 18.0675pt>
File: imagem/cap0/col-split.jpg Graphic file (type jpg)

<use imagem/cap0/col-split.jpg>
Package pdftex.def Info: imagem/cap0/col-split.jpg used on input line 282.
(pdftex.def)             Requested size: 11.38092pt x 11.38092pt.

<imagem/cap0/cell-prop.jpg, id=503, 18.0675pt x 18.0675pt>
File: imagem/cap0/cell-prop.jpg Graphic file (type jpg)

<use imagem/cap0/cell-prop.jpg>
Package pdftex.def Info: imagem/cap0/cell-prop.jpg used on input line 283.
(pdftex.def)             Requested size: 11.38092pt x 11.38092pt.

<imagem/cap0/cell-insert-before.jpg, id=504, 18.0675pt x 18.0675pt>
File: imagem/cap0/cell-insert-before.jpg Graphic file (type jpg)

<use imagem/cap0/cell-insert-before.jpg>
Package pdftex.def Info: imagem/cap0/cell-insert-before.jpg used on input line 
284.
(pdftex.def)             Requested size: 11.38092pt x 11.38092pt.

<imagem/cap0/cell-insert-after.jpg, id=505, 18.0675pt x 18.0675pt>
File: imagem/cap0/cell-insert-after.jpg Graphic file (type jpg)

<use imagem/cap0/cell-insert-after.jpg>
Package pdftex.def Info: imagem/cap0/cell-insert-after.jpg used on input line 2
85.
(pdftex.def)             Requested size: 11.38092pt x 11.38092pt.

<imagem/cap0/cell-delete.jpg, id=506, 18.0675pt x 18.0675pt>
File: imagem/cap0/cell-delete.jpg Graphic file (type jpg)

<use imagem/cap0/cell-delete.jpg>
Package pdftex.def Info: imagem/cap0/cell-delete.jpg used on input line 286.
(pdftex.def)             Requested size: 11.38092pt x 11.38092pt.

<imagem/cap0/cell-merge.jpg, id=507, 18.0675pt x 18.0675pt>
File: imagem/cap0/cell-merge.jpg Graphic file (type jpg)

<use imagem/cap0/cell-merge.jpg>
Package pdftex.def Info: imagem/cap0/cell-merge.jpg used on input line 287.
(pdftex.def)             Requested size: 11.38092pt x 11.38092pt.

<imagem/cap0/cell-split.jpg, id=508, 18.0675pt x 18.0675pt>
File: imagem/cap0/cell-split.jpg Graphic file (type jpg)

<use imagem/cap0/cell-split.jpg>
Package pdftex.def Info: imagem/cap0/cell-split.jpg used on input line 288.
(pdftex.def)             Requested size: 11.38092pt x 11.38092pt.
 [28 <C:/Users/Marcelle/Documents/GitHub/manual-ead/imagem/cap0/fig-a-14.jpg> <
C:/Users/Marcelle/Documents/GitHub/manual-ead/imagem/cap0/fig-a-15.jpg> <C:/Use
rs/Marcelle/Documents/GitHub/manual-ead/imagem/cap0/char.jpg> <C:/Users/Marcell
e/Documents/GitHub/manual-ead/imagem/cap0/insert_table.jpg> <C:/Users/Marcelle/
Documents/GitHub/manual-ead/imagem/cap0/fullscreen.jpg>] [29 <C:/Users/Marcelle
/Documents/GitHub/manual-ead/imagem/cap0/fig-a-16.jpg> <C:/Users/Marcelle/Docum
ents/GitHub/manual-ead/imagem/cap0/table-prop.jpg> <C:/Users/Marcelle/Documents
/GitHub/manual-ead/imagem/cap0/row-prop.jpg> <C:/Users/Marcelle/Documents/GitHu
b/manual-ead/imagem/cap0/row-insert-above.jpg> <C:/Users/Marcelle/Documents/Git
Hub/manual-ead/imagem/cap0/row-insert-under.jpg> <C:/Users/Marcelle/Documents/G
itHub/manual-ead/imagem/cap0/row-delete.jpg> <C:/Users/Marcelle/Documents/GitHu
b/manual-ead/imagem/cap0/row-split.jpg> <C:/Users/Marcelle/Documents/GitHub/man
ual-ead/imagem/cap0/col-insert-before.jpg> <C:/Users/Marcelle/Documents/GitHub/
manual-ead/imagem/cap0/col-insert-after.jpg> <C:/Users/Marcelle/Documents/GitHu
b/manual-ead/imagem/cap0/col-delete.jpg> <C:/Users/Marcelle/Documents/GitHub/ma
nual-ead/imagem/cap0/col-split.jpg> <C:/Users/Marcelle/Documents/GitHub/manual-
ead/imagem/cap0/cell-prop.jpg> <C:/Users/Marcelle/Documents/GitHub/manual-ead/i
magem/cap0/cell-insert-before.jpg> <C:/Users/Marcelle/Documents/GitHub/manual-e
ad/imagem/cap0/cell-insert-after.jpg> <C:/Users/Marcelle/Documents/GitHub/manua
l-ead/imagem/cap0/cell-delete.jpg> <C:/Users/Marcelle/Documents/GitHub/manual-e
ad/imagem/cap0/cell-merge.jpg> <C:/Users/Marcelle/Documents/GitHub/manual-ead/i
magem/cap0/cell-split.jpg>]
<imagem/cap0/ed_html.jpg, id=522, 18.0675pt x 18.0675pt>
File: imagem/cap0/ed_html.jpg Graphic file (type jpg)

<use imagem/cap0/ed_html.jpg>
Package pdftex.def Info: imagem/cap0/ed_html.jpg used on input line 300.
(pdftex.def)             Requested size: 11.38092pt x 11.38092pt.

<imagem/cap0/ed_replace.jpg, id=523, 18.0675pt x 18.0675pt>
File: imagem/cap0/ed_replace.jpg Graphic file (type jpg)

<use imagem/cap0/ed_replace.jpg>
Package pdftex.def Info: imagem/cap0/ed_replace.jpg used on input line 305.
(pdftex.def)             Requested size: 11.38092pt x 11.38092pt.

<imagem/cap0/fullscreen_maximize.jpg, id=524, 18.0675pt x 18.0675pt>
File: imagem/cap0/fullscreen_maximize.jpg Graphic file (type jpg)

<use imagem/cap0/fullscreen_maximize.jpg>
Package pdftex.def Info: imagem/cap0/fullscreen_maximize.jpg used on input line
 306.
(pdftex.def)             Requested size: 11.38092pt x 11.38092pt.

<imagem/cap0/fullscreen_minimize.jpg, id=525, 18.0675pt x 18.0675pt>
File: imagem/cap0/fullscreen_minimize.jpg Graphic file (type jpg)

<use imagem/cap0/fullscreen_minimize.jpg>
Package pdftex.def Info: imagem/cap0/fullscreen_minimize.jpg used on input line
 307.
(pdftex.def)             Requested size: 11.38092pt x 11.38092pt.

<imagem/cap0/ed_wordclean.jpg, id=526, 21.07875pt x 20.075pt>
File: imagem/cap0/ed_wordclean.jpg Graphic file (type jpg)

<use imagem/cap0/ed_wordclean.jpg>
Package pdftex.def Info: imagem/cap0/ed_wordclean.jpg used on input line 308.
(pdftex.def)             Requested size: 11.38092pt x 10.8391pt.

<imagem/cap0/ed_undo.jpg, id=527, 18.0675pt x 18.0675pt>
File: imagem/cap0/ed_undo.jpg Graphic file (type jpg)

<use imagem/cap0/ed_undo.jpg>
Package pdftex.def Info: imagem/cap0/ed_undo.jpg used on input line 309.
(pdftex.def)             Requested size: 11.38092pt x 11.38092pt.

<imagem/cap0/ed_redo.jpg, id=528, 18.0675pt x 18.0675pt>
File: imagem/cap0/ed_redo.jpg Graphic file (type jpg)

<use imagem/cap0/ed_redo.jpg>
Package pdftex.def Info: imagem/cap0/ed_redo.jpg used on input line 310.
(pdftex.def)             Requested size: 11.38092pt x 11.38092pt.
File: imagem/cap0/ed_html.jpg Graphic file (type jpg)
 <use imagem/cap0/ed_html.jpg>
Package pdftex.def Info: imagem/cap0/ed_html.jpg used on input line 311.
(pdftex.def)             Requested size: 11.38092pt x 11.38092pt.
) [30 <C:/Users/Marcelle/Documents/GitHub/manual-ead/imagem/cap0/ed_replace.jpg
> <C:/Users/Marcelle/Documents/GitHub/manual-ead/imagem/cap0/fullscreen_maximiz
e.jpg> <C:/Users/Marcelle/Documents/GitHub/manual-ead/imagem/cap0/fullscreen_mi
nimize.jpg> <C:/Users/Marcelle/Documents/GitHub/manual-ead/imagem/cap0/ed_wordc
lean.jpg> <C:/Users/Marcelle/Documents/GitHub/manual-ead/imagem/cap0/ed_undo.jp
g> <C:/Users/Marcelle/Documents/GitHub/manual-ead/imagem/cap0/ed_redo.jpg> <C:/
Users/Marcelle/Documents/GitHub/manual-ead/imagem/cap0/ed_html.jpg>]
No file cometomoodle.ind.
Package atveryend Info: Empty hook `BeforeClearDocument' on input line 91.
Package atveryend Info: Empty hook `AfterLastShipout' on input line 91.
(C:\Users\Marcelle\Documents\GitHub\manual-ead\cometomoodle.aux
(C:\Users\Marcelle\Documents\GitHub\manual-ead\chapter01.aux)
(C:\Users\Marcelle\Documents\GitHub\manual-ead\chapter02.aux)
(C:\Users\Marcelle\Documents\GitHub\manual-ead\chapter03.aux)
(C:\Users\Marcelle\Documents\GitHub\manual-ead\chapter04.aux)
(C:\Users\Marcelle\Documents\GitHub\manual-ead\chapter05.aux)
(C:\Users\Marcelle\Documents\GitHub\manual-ead\chapter06.aux)
(C:\Users\Marcelle\Documents\GitHub\manual-ead\chapter07.aux)
(C:\Users\Marcelle\Documents\GitHub\manual-ead\chapter08.aux)
(C:\Users\Marcelle\Documents\GitHub\manual-ead\chapter09.aux)
(C:\Users\Marcelle\Documents\GitHub\manual-ead\appendix_A.aux))
Package atveryend Info: Executing hook `AtVeryEndDocument' on input line 91.
Package atveryend Info: Executing hook `AtEndAfterFileList' on input line 91.
Package rerunfilecheck Info: File `cometomoodle.out' has not changed.
(rerunfilecheck)             Checksum: 7F165AFB281B7FBB442BC98AC20E7839;3453.


LaTeX Warning: There were undefined references.


LaTeX Warning: There were multiply-defined labels.

Package atveryend Info: Empty hook `AtVeryVeryEnd' on input line 91.
 ) 
Here is how much of TeX's memory you used:
 8305 strings out of 493921
 124218 string characters out of 3144866
 212163 words of memory out of 3000000
 11169 multiletter control sequences out of 15000+200000
 73759 words of font info for 82 fonts, out of 3000000 for 9000
 841 hyphenation exceptions out of 8191
 38i,16n,35p,1091b,462s stack positions out of 5000i,500n,10000p,200000b,50000s
{C:/Program Files (x86)/MiKTeX 2.9/fonts/enc/dvips/lm/lm-mathit.enc}{C:/Progr
am Files (x86)/MiKTeX 2.9/fonts/enc/dvips/fontname/8r.enc}<C:/Program Files (x8
6)/MiKTeX 2.9/fonts/type1/public/amsfonts/cm/cmsy10.pfb><C:/Program Files (x86)
/MiKTeX 2.9/fonts/type1/public/lm/lmmi10.pfb><C:/Program Files (x86)/MiKTeX 2.9
/fonts/type1/public/lm/lmmi7.pfb><C:/Program Files (x86)/MiKTeX 2.9/fonts/type1
/urw/courier/ucrr8a.pfb><C:/Program Files (x86)/MiKTeX 2.9/fonts/type1/urw/time
s/utmb8a.pfb><C:/Program Files (x86)/MiKTeX 2.9/fonts/type1/urw/times/utmr8a.pf
b><C:/Program Files (x86)/MiKTeX 2.9/fonts/type1/urw/times/utmr8a.pfb><C:/Progr
am Files (x86)/MiKTeX 2.9/fonts/type1/urw/times/utmri8a.pfb>
Output written on cometomoodle.pdf (35 pages, 1238221 bytes).
PDF statistics:
 589 PDF objects out of 1000 (max. 8388607)
 115 named destinations out of 1000 (max. 500000)
 791 words of extra memory for PDF output out of 10000 (max. 10000000)

